<?xml version="1.0" encoding="UTF-8"?>
<testsuite xmlns:xsi="http://www.w3.org/2001/XMLSchema-instance" xsi:noNamespaceSchemaLocation="https://maven.apache.org/surefire/maven-surefire-plugin/xsd/surefire-test-report.xsd" version="3.0.2" name="com.routefinder.service.FareServiceTest" time="0.325" tests="12" errors="0" skipped="0" failures="0">
  <properties>
[...]
</properties>
  <testcase name="testRouteWithInterchange" classname="com.routefinder.service.FareServiceTest" time="0.131"/>
  <testcase name="testLongSingleLineBlue" classname="com.routefinder.service.FareServiceTest" time="0.026"/>
  <testcase name="testShortSingleLineBlueDoesNotUseInterchangeDiscount" classname="com.routefinder.service.FareServiceTest" time="0.018"/>
  <testcase name="testMoChitToYellowLineIncludesInterchangeEdges" classname="com.routefinder.service.FareServiceTest" time="0.011"/>
  <testcase name="testSameStationDifferentLines" classname="com.routefinder.service.FareServiceTest" time="0.012"/>
  <testcase name="testSingleLineFare" classname="com.routefinder.service.FareServiceTest" time="0.013"/>
  <testcase name="testDirectRouteNoInterchange" classname="com.routefinder.service.FareServiceTest" time="0.013"/>
  <testcase name="testTaoPoonBlueToKamphaengPhetStaysOnBlueLine" classname="com.routefinder.service.FareServiceTest" time="0.01"/>
  <testcase name="testFixedPinkLineData" classname="com.routefinder.service.FareServiceTest" time="0.012"/>
  <testcase name="testSameStationSameLine" classname="com.routefinder.service.FareServiceTest" time="0.01"/>
  <testcase name="testSameStationDifferentLineLatPhrao" classname="com.routefinder.service.FareServiceTest" time="0.01"/>
  <testcase name="testDiscountAfterInterchange" classname="com.routefinder.service.FareServiceTest" time="0.016"/>
</testsuite>